[0m16:21:06.162526 [debug] [MainThread]: Sending event: {'category': 'dbt', 'action': 'invocation', 'label': 'start', 'context': [<snowplow_tracker.self_describing_json.SelfDescribingJson object at 0x000001480E6D5990>, <snowplow_tracker.self_describing_json.SelfDescribingJson object at 0x0000014810419300>, <snowplow_tracker.self_describing_json.SelfDescribingJson object at 0x00000148104194E0>]}


============================== 16:21:06.167524 | be87be1e-d783-4139-aa83-6dd8b112e681 ==============================
[0m16:21:06.167524 [info ] [MainThread]: Running with dbt=1.9.0
[0m16:21:06.168525 [debug] [MainThread]: running dbt with arguments {'printer_width': '80', 'indirect_selection': 'eager', 'write_json': 'True', 'log_cache_events': 'False', 'partial_parse': 'True', 'cache_selected_only': 'False', 'warn_error': 'None', 'fail_fast': 'False', 'debug': 'False', 'log_path': 'logs', 'version_check': 'True', 'profiles_dir': 'C:\\Users\\Lenovo\\.dbt', 'use_colors': 'True', 'use_experimental_parser': 'False', 'no_print': 'None', 'quiet': 'False', 'empty': 'None', 'log_format': 'default', 'introspect': 'True', 'invocation_command': 'dbt init healthcare_project', 'warn_error_options': 'WarnErrorOptions(include=[], exclude=[])', 'target_path': 'None', 'static_parser': 'True', 'send_anonymous_usage_stats': 'True'}
[0m16:21:06.199140 [debug] [MainThread]: Starter project path: C:\Users\Lenovo\Desktop\healthcare_dbt\myenv\lib\site-packages\dbt\include\starter_project
[0m16:21:06.265636 [info ] [MainThread]: 
Your new dbt project "healthcare_project" was created!

For more information on how to configure the profiles.yml file,
please consult the dbt documentation here:

  https://docs.getdbt.com/docs/configure-your-profile

One more thing:

Need help? Don't hesitate to reach out to us via GitHub issues or on Slack:

  https://community.getdbt.com/

Happy modeling!

[0m16:21:06.266631 [info ] [MainThread]: Setting up your profile.
[0m16:21:13.642807 [debug] [MainThread]: Spark adapter: Setting pyhive.hive logging to ERROR
[0m16:21:13.643838 [debug] [MainThread]: Spark adapter: Setting thrift.transport logging to ERROR
[0m16:21:13.644842 [debug] [MainThread]: Spark adapter: Setting thrift.protocol logging to ERROR
[0m16:30:01.896594 [info ] [MainThread]: Profile healthcare_project written to C:\Users\Lenovo\.dbt\profiles.yml using target's profile_template.yml and your supplied values. Run 'dbt debug' to validate the connection.
[0m16:30:01.898181 [debug] [MainThread]: Command `dbt init` succeeded at 16:30:01.898181 after 535.84 seconds
[0m16:30:01.899187 [debug] [MainThread]: Sending event: {'category': 'dbt', 'action': 'invocation', 'label': 'end', 'context': [<snowplow_tracker.self_describing_json.SelfDescribingJson object at 0x000001480E6D5990>, <snowplow_tracker.self_describing_json.SelfDescribingJson object at 0x000001481041A5F0>, <snowplow_tracker.self_describing_json.SelfDescribingJson object at 0x00000148105D8AC0>]}
[0m16:30:01.899187 [debug] [MainThread]: Flushing usage events
[0m16:30:02.492503 [debug] [MainThread]: An error was encountered while trying to flush usage events
[0m16:31:46.561896 [debug] [MainThread]: Sending event: {'category': 'dbt', 'action': 'invocation', 'label': 'start', 'context': [<snowplow_tracker.self_describing_json.SelfDescribingJson object at 0x000001D81C785990>, <snowplow_tracker.self_describing_json.SelfDescribingJson object at 0x000001D81E4C9300>, <snowplow_tracker.self_describing_json.SelfDescribingJson object at 0x000001D81E4C94E0>]}


============================== 16:31:46.565645 | f72b2295-b3a2-455e-93ba-6a0e728947fa ==============================
[0m16:31:46.565645 [info ] [MainThread]: Running with dbt=1.9.0
[0m16:31:46.566646 [debug] [MainThread]: running dbt with arguments {'printer_width': '80', 'indirect_selection': 'eager', 'log_cache_events': 'False', 'write_json': 'True', 'partial_parse': 'True', 'cache_selected_only': 'False', 'profiles_dir': 'C:\\Users\\Lenovo\\.dbt', 'version_check': 'True', 'debug': 'False', 'log_path': 'logs', 'fail_fast': 'False', 'warn_error': 'None', 'use_colors': 'True', 'use_experimental_parser': 'False', 'no_print': 'None', 'quiet': 'False', 'empty': 'None', 'warn_error_options': 'WarnErrorOptions(include=[], exclude=[])', 'invocation_command': 'dbt debug --profile healthcare_project', 'introspect': 'True', 'log_format': 'default', 'target_path': 'None', 'static_parser': 'True', 'send_anonymous_usage_stats': 'True'}
[0m16:31:46.595701 [info ] [MainThread]: dbt version: 1.9.0
[0m16:31:46.595701 [info ] [MainThread]: python version: 3.10.0
[0m16:31:46.596717 [info ] [MainThread]: python path: C:\Users\Lenovo\Desktop\healthcare_dbt\myenv\Scripts\python.exe
[0m16:31:46.597714 [info ] [MainThread]: os info: Windows-10-10.0.22631-SP0
[0m16:31:47.380551 [debug] [MainThread]: Spark adapter: Setting pyhive.hive logging to ERROR
[0m16:31:47.380551 [debug] [MainThread]: Spark adapter: Setting thrift.transport logging to ERROR
[0m16:31:47.381550 [debug] [MainThread]: Spark adapter: Setting thrift.protocol logging to ERROR
[0m16:31:48.158426 [info ] [MainThread]: Using profiles dir at C:\Users\Lenovo\.dbt
[0m16:31:48.159453 [info ] [MainThread]: Using profiles.yml file at C:\Users\Lenovo\.dbt\profiles.yml
[0m16:31:48.160426 [info ] [MainThread]: Using dbt_project.yml file at C:\Users\Lenovo\Desktop\healthcare_dbt\dbt_project.yml
[0m16:31:48.160426 [info ] [MainThread]: adapter type: databricks
[0m16:31:48.161457 [info ] [MainThread]: adapter version: 1.9.0
[0m16:31:48.162444 [info ] [MainThread]: Configuration:
[0m16:31:48.163424 [info ] [MainThread]:   profiles.yml file [[32mOK found and valid[0m]
[0m16:31:48.163424 [info ] [MainThread]:   dbt_project.yml file [[31mERROR not found[0m]
[0m16:31:48.164423 [info ] [MainThread]: Required dependencies:
[0m16:31:48.165442 [debug] [MainThread]: Executing "git --help"
[0m16:31:48.203439 [debug] [MainThread]: STDOUT: "b"usage: git [-v | --version] [-h | --help] [-C <path>] [-c <name>=<value>]\n           [--exec-path[=<path>]] [--html-path] [--man-path] [--info-path]\n           [-p | --paginate | -P | --no-pager] [--no-replace-objects] [--bare]\n           [--git-dir=<path>] [--work-tree=<path>] [--namespace=<name>]\n           [--config-env=<name>=<envvar>] <command> [<args>]\n\nThese are common Git commands used in various situations:\n\nstart a working area (see also: git help tutorial)\n   clone     Clone a repository into a new directory\n   init      Create an empty Git repository or reinitialize an existing one\n\nwork on the current change (see also: git help everyday)\n   add       Add file contents to the index\n   mv        Move or rename a file, a directory, or a symlink\n   restore   Restore working tree files\n   rm        Remove files from the working tree and from the index\n\nexamine the history and state (see also: git help revisions)\n   bisect    Use binary search to find the commit that introduced a bug\n   diff      Show changes between commits, commit and working tree, etc\n   grep      Print lines matching a pattern\n   log       Show commit logs\n   show      Show various types of objects\n   status    Show the working tree status\n\ngrow, mark and tweak your common history\n   branch    List, create, or delete branches\n   commit    Record changes to the repository\n   merge     Join two or more development histories together\n   rebase    Reapply commits on top of another base tip\n   reset     Reset current HEAD to the specified state\n   switch    Switch branches\n   tag       Create, list, delete or verify a tag object signed with GPG\n\ncollaborate (see also: git help workflows)\n   fetch     Download objects and refs from another repository\n   pull      Fetch from and integrate with another repository or a local branch\n   push      Update remote refs along with associated objects\n\n'git help -a' and 'git help -g' list available subcommands and some\nconcept guides. See 'git help <command>' or 'git help <concept>'\nto read about a specific subcommand or concept.\nSee 'git help git' for an overview of the system.\n""
[0m16:31:48.204439 [debug] [MainThread]: STDERR: "b''"
[0m16:31:48.204439 [info ] [MainThread]:  - git [[32mOK found[0m]

[0m16:31:48.204439 [info ] [MainThread]: Connection:
[0m16:31:48.205439 [info ] [MainThread]:   host: https://adb-3307766105634520.0.azuredatabricks.net/browse?o=3307766105634520
[0m16:31:48.205439 [info ] [MainThread]:   http_path: sql/protocolv1/o/3307766105634520/1211-134742-i5zevf4l
[0m16:31:48.206439 [info ] [MainThread]:   catalog: hive_metastore
[0m16:31:48.207440 [info ] [MainThread]:   schema: default
[0m16:31:48.208442 [info ] [MainThread]: Registered adapter: databricks=1.9.0
[0m16:31:48.650411 [debug] [MainThread]: Databricks adapter: DatabricksDBTConnection(id=2028028657520, session-id=None, name=debug, idle-time=0s, acquire-count=0, language=None, thread-identifier=(5728, 7268), compute-name=) - Creating connection
[0m16:31:48.650411 [debug] [MainThread]: Acquiring new databricks connection 'debug'
[0m16:31:48.651411 [debug] [MainThread]: Databricks adapter: DatabricksDBTConnection(id=2028028657520, session-id=None, name=debug, idle-time=0.0s, acquire-count=1, language=None, thread-identifier=(5728, 7268), compute-name=) - Acquired connection on thread (5728, 7268), using default compute resource
[0m16:31:48.651411 [debug] [MainThread]: Databricks adapter: DatabricksDBTConnection(id=2028028657520, session-id=None, name=debug, idle-time=0.0s, acquire-count=1, language=None, thread-identifier=(5728, 7268), compute-name=) - Checking idleness
[0m16:31:48.651411 [debug] [MainThread]: Databricks adapter: DatabricksDBTConnection(id=2028028657520, session-id=None, name=debug, idle-time=0.0s, acquire-count=1, language=None, thread-identifier=(5728, 7268), compute-name=) - Retrieving connection
[0m16:31:48.652411 [debug] [MainThread]: Using databricks connection "debug"
[0m16:31:48.652411 [debug] [MainThread]: On debug: select 1 as id
[0m16:31:48.652411 [debug] [MainThread]: Opening a new connection, currently in state init
[0m16:32:37.527002 [debug] [MainThread]: Databricks adapter: DatabricksDBTConnection(id=2028028657520, session-id=None, name=debug, idle-time=0.0s, acquire-count=0, language=None, thread-identifier=(5728, 7268), compute-name=) - Released connection
[0m16:32:37.528024 [error] [MainThread]: Encountered an error:

[0m16:32:37.535044 [error] [MainThread]: Traceback (most recent call last):
  File "C:\Users\Lenovo\Desktop\healthcare_dbt\myenv\lib\site-packages\dbt\cli\requires.py", line 153, in wrapper
    result, success = func(*args, **kwargs)
  File "C:\Users\Lenovo\Desktop\healthcare_dbt\myenv\lib\site-packages\dbt\cli\requires.py", line 103, in wrapper
    return func(*args, **kwargs)
  File "C:\Users\Lenovo\Desktop\healthcare_dbt\myenv\lib\site-packages\dbt\cli\main.py", line 414, in debug
    results = task.run()
  File "C:\Users\Lenovo\Desktop\healthcare_dbt\myenv\lib\site-packages\dbt\task\debug.py", line 144, in run
    connection_status = self.test_connection()
  File "C:\Users\Lenovo\Desktop\healthcare_dbt\myenv\lib\site-packages\dbt\task\debug.py", line 465, in test_connection
    connection_result = self.attempt_connection(self.profile)
  File "C:\Users\Lenovo\Desktop\healthcare_dbt\myenv\lib\site-packages\dbt\task\debug.py", line 443, in attempt_connection
    adapter.debug_query()
  File "C:\Users\Lenovo\Desktop\healthcare_dbt\myenv\lib\site-packages\dbt\adapters\spark\impl.py", line 517, in debug_query
    self.execute("select 1 as id")
  File "C:\Users\Lenovo\Desktop\healthcare_dbt\myenv\lib\site-packages\dbt\adapters\databricks\impl.py", line 293, in execute
    return super().execute(sql=sql, auto_begin=auto_begin, fetch=fetch, limit=limit)
  File "C:\Users\Lenovo\Desktop\healthcare_dbt\myenv\lib\site-packages\dbt\adapters\base\impl.py", line 398, in execute
    return self.connections.execute(sql=sql, auto_begin=auto_begin, fetch=fetch, limit=limit)
  File "C:\Users\Lenovo\Desktop\healthcare_dbt\myenv\lib\site-packages\dbt\adapters\databricks\connections.py", line 532, in execute
    _, cursor = self.add_query(sql, auto_begin)
  File "C:\Users\Lenovo\Desktop\healthcare_dbt\myenv\lib\site-packages\dbt\adapters\databricks\connections.py", line 503, in add_query
    cursor = cast(DatabricksSQLConnectionWrapper, connection.handle).cursor()
  File "C:\Users\Lenovo\Desktop\healthcare_dbt\myenv\lib\site-packages\dbt\adapters\contracts\connection.py", line 96, in handle
    self._handle.resolve(self)
  File "C:\Users\Lenovo\Desktop\healthcare_dbt\myenv\lib\site-packages\dbt\adapters\contracts\connection.py", line 120, in resolve
    return self.opener(connection)
  File "C:\Users\Lenovo\Desktop\healthcare_dbt\myenv\lib\site-packages\dbt\adapters\databricks\connections.py", line 981, in open
    return cls.retry_connection(
  File "C:\Users\Lenovo\Desktop\healthcare_dbt\myenv\lib\site-packages\dbt\adapters\base\connections.py", line 237, in retry_connection
    connection.handle = connect()
  File "C:\Users\Lenovo\Desktop\healthcare_dbt\myenv\lib\site-packages\dbt\adapters\databricks\connections.py", line 945, in connect
    conn = dbsql.connect(
  File "C:\Users\Lenovo\Desktop\healthcare_dbt\myenv\lib\site-packages\databricks\sql\__init__.py", line 90, in connect
    return Connection(server_hostname, http_path, access_token, **kwargs)
  File "C:\Users\Lenovo\Desktop\healthcare_dbt\myenv\lib\site-packages\databricks\sql\client.py", line 253, in __init__
    self._open_session_resp = self.thrift_backend.open_session(
  File "C:\Users\Lenovo\Desktop\healthcare_dbt\myenv\lib\site-packages\databricks\sql\thrift_backend.py", line 552, in open_session
    response = self.make_request(self._client.OpenSession, open_session_req)
  File "C:\Users\Lenovo\Desktop\healthcare_dbt\myenv\lib\site-packages\databricks\sql\thrift_backend.py", line 469, in make_request
    response_or_error_info = attempt_request(attempt)
  File "C:\Users\Lenovo\Desktop\healthcare_dbt\myenv\lib\site-packages\databricks\sql\thrift_backend.py", line 379, in attempt_request
    response = method(request)
  File "C:\Users\Lenovo\Desktop\healthcare_dbt\myenv\lib\site-packages\databricks\sql\thrift_api\TCLIService\TCLIService.py", line 204, in OpenSession
    self.send_OpenSession(req)
  File "C:\Users\Lenovo\Desktop\healthcare_dbt\myenv\lib\site-packages\databricks\sql\thrift_api\TCLIService\TCLIService.py", line 213, in send_OpenSession
    self._oprot.trans.flush()
  File "C:\Users\Lenovo\Desktop\healthcare_dbt\myenv\lib\site-packages\databricks\sql\auth\thrift_http_client.py", line 186, in flush
    self.__resp = self.__pool.request(
  File "C:\Users\Lenovo\Desktop\healthcare_dbt\myenv\lib\site-packages\urllib3\_request_methods.py", line 143, in request
    return self.request_encode_body(
  File "C:\Users\Lenovo\Desktop\healthcare_dbt\myenv\lib\site-packages\urllib3\_request_methods.py", line 278, in request_encode_body
    return self.urlopen(method, url, **extra_kw)
  File "C:\Users\Lenovo\Desktop\healthcare_dbt\myenv\lib\site-packages\urllib3\connectionpool.py", line 944, in urlopen
    return self.urlopen(
  File "C:\Users\Lenovo\Desktop\healthcare_dbt\myenv\lib\site-packages\urllib3\connectionpool.py", line 944, in urlopen
    return self.urlopen(
  File "C:\Users\Lenovo\Desktop\healthcare_dbt\myenv\lib\site-packages\urllib3\connectionpool.py", line 944, in urlopen
    return self.urlopen(
  [Previous line repeated 2 more times]
  File "C:\Users\Lenovo\Desktop\healthcare_dbt\myenv\lib\site-packages\urllib3\connectionpool.py", line 942, in urlopen
    retries.sleep(response)
  File "C:\Users\Lenovo\Desktop\healthcare_dbt\myenv\lib\site-packages\urllib3\util\retry.py", line 363, in sleep
    self._sleep_backoff()
  File "C:\Users\Lenovo\Desktop\healthcare_dbt\myenv\lib\site-packages\urllib3\util\retry.py", line 347, in _sleep_backoff
    time.sleep(backoff)
KeyboardInterrupt

[0m16:32:37.537034 [debug] [MainThread]: Command `dbt debug` failed at 16:32:37.537034 after 51.06 seconds
[0m16:32:37.537034 [debug] [MainThread]: Connection 'debug' was properly closed.
[0m16:32:37.538034 [debug] [MainThread]: Sending event: {'category': 'dbt', 'action': 'invocation', 'label': 'end', 'context': [<snowplow_tracker.self_describing_json.SelfDescribingJson object at 0x000001D81C785990>, <snowplow_tracker.self_describing_json.SelfDescribingJson object at 0x000001D82FED71C0>, <snowplow_tracker.self_describing_json.SelfDescribingJson object at 0x000001D82FED67D0>]}
[0m16:32:37.538034 [debug] [MainThread]: Flushing usage events
[0m16:32:38.115286 [debug] [MainThread]: An error was encountered while trying to flush usage events
[0m16:32:43.333088 [debug] [MainThread]: Sending event: {'category': 'dbt', 'action': 'invocation', 'label': 'start', 'context': [<snowplow_tracker.self_describing_json.SelfDescribingJson object at 0x000001907BC95930>, <snowplow_tracker.self_describing_json.SelfDescribingJson object at 0x000001907D9D9060>, <snowplow_tracker.self_describing_json.SelfDescribingJson object at 0x000001907D9D8CD0>]}


============================== 16:32:43.338542 | 4f1ae1a6-9359-4d48-92f2-bf760daa10e4 ==============================
[0m16:32:43.338542 [info ] [MainThread]: Running with dbt=1.9.0
[0m16:32:43.339642 [debug] [MainThread]: running dbt with arguments {'printer_width': '80', 'indirect_selection': 'eager', 'log_cache_events': 'False', 'write_json': 'True', 'partial_parse': 'True', 'cache_selected_only': 'False', 'warn_error': 'None', 'version_check': 'True', 'debug': 'False', 'log_path': 'logs', 'fail_fast': 'False', 'profiles_dir': 'C:\\Users\\Lenovo\\.dbt', 'use_colors': 'True', 'use_experimental_parser': 'False', 'empty': 'None', 'quiet': 'False', 'no_print': 'None', 'log_format': 'default', 'static_parser': 'True', 'introspect': 'True', 'warn_error_options': 'WarnErrorOptions(include=[], exclude=[])', 'target_path': 'None', 'invocation_command': 'dbt debug --profile healthcare_project', 'send_anonymous_usage_stats': 'True'}
[0m16:32:43.370238 [info ] [MainThread]: dbt version: 1.9.0
[0m16:32:43.370775 [info ] [MainThread]: python version: 3.10.0
[0m16:32:43.371308 [info ] [MainThread]: python path: C:\Users\Lenovo\Desktop\healthcare_dbt\myenv\Scripts\python.exe
[0m16:32:43.371848 [info ] [MainThread]: os info: Windows-10-10.0.22631-SP0
[0m16:32:44.086838 [debug] [MainThread]: Spark adapter: Setting pyhive.hive logging to ERROR
[0m16:32:44.087827 [debug] [MainThread]: Spark adapter: Setting thrift.transport logging to ERROR
[0m16:32:44.087827 [debug] [MainThread]: Spark adapter: Setting thrift.protocol logging to ERROR
[0m16:32:44.818449 [info ] [MainThread]: Using profiles dir at C:\Users\Lenovo\.dbt
[0m16:32:44.819090 [info ] [MainThread]: Using profiles.yml file at C:\Users\Lenovo\.dbt\profiles.yml
[0m16:32:44.820103 [info ] [MainThread]: Using dbt_project.yml file at C:\Users\Lenovo\Desktop\healthcare_dbt\dbt_project.yml
[0m16:32:44.820103 [info ] [MainThread]: adapter type: databricks
[0m16:32:44.821120 [info ] [MainThread]: adapter version: 1.9.0
[0m16:32:44.822102 [info ] [MainThread]: Configuration:
[0m16:32:44.823101 [info ] [MainThread]:   profiles.yml file [[32mOK found and valid[0m]
[0m16:32:44.823101 [info ] [MainThread]:   dbt_project.yml file [[31mERROR not found[0m]
[0m16:32:44.824111 [info ] [MainThread]: Required dependencies:
[0m16:32:44.824111 [debug] [MainThread]: Executing "git --help"
[0m16:32:44.861105 [debug] [MainThread]: STDOUT: "b"usage: git [-v | --version] [-h | --help] [-C <path>] [-c <name>=<value>]\n           [--exec-path[=<path>]] [--html-path] [--man-path] [--info-path]\n           [-p | --paginate | -P | --no-pager] [--no-replace-objects] [--bare]\n           [--git-dir=<path>] [--work-tree=<path>] [--namespace=<name>]\n           [--config-env=<name>=<envvar>] <command> [<args>]\n\nThese are common Git commands used in various situations:\n\nstart a working area (see also: git help tutorial)\n   clone     Clone a repository into a new directory\n   init      Create an empty Git repository or reinitialize an existing one\n\nwork on the current change (see also: git help everyday)\n   add       Add file contents to the index\n   mv        Move or rename a file, a directory, or a symlink\n   restore   Restore working tree files\n   rm        Remove files from the working tree and from the index\n\nexamine the history and state (see also: git help revisions)\n   bisect    Use binary search to find the commit that introduced a bug\n   diff      Show changes between commits, commit and working tree, etc\n   grep      Print lines matching a pattern\n   log       Show commit logs\n   show      Show various types of objects\n   status    Show the working tree status\n\ngrow, mark and tweak your common history\n   branch    List, create, or delete branches\n   commit    Record changes to the repository\n   merge     Join two or more development histories together\n   rebase    Reapply commits on top of another base tip\n   reset     Reset current HEAD to the specified state\n   switch    Switch branches\n   tag       Create, list, delete or verify a tag object signed with GPG\n\ncollaborate (see also: git help workflows)\n   fetch     Download objects and refs from another repository\n   pull      Fetch from and integrate with another repository or a local branch\n   push      Update remote refs along with associated objects\n\n'git help -a' and 'git help -g' list available subcommands and some\nconcept guides. See 'git help <command>' or 'git help <concept>'\nto read about a specific subcommand or concept.\nSee 'git help git' for an overview of the system.\n""
[0m16:32:44.862137 [debug] [MainThread]: STDERR: "b''"
[0m16:32:44.862137 [info ] [MainThread]:  - git [[32mOK found[0m]

[0m16:32:44.863153 [info ] [MainThread]: Connection:
[0m16:32:44.864105 [info ] [MainThread]:   host: https://adb-3307766105634520.0.azuredatabricks.net/browse?o=3307766105634520
[0m16:32:44.864105 [info ] [MainThread]:   http_path: sql/protocolv1/o/3307766105634520/1211-134742-i5zevf4l
[0m16:32:44.865135 [info ] [MainThread]:   catalog: hive_metastore
[0m16:32:44.865135 [info ] [MainThread]:   schema: default
[0m16:32:44.866136 [info ] [MainThread]: Registered adapter: databricks=1.9.0
[0m16:32:45.292509 [debug] [MainThread]: Databricks adapter: DatabricksDBTConnection(id=1718242934736, session-id=None, name=debug, idle-time=0s, acquire-count=0, language=None, thread-identifier=(21688, 11004), compute-name=) - Creating connection
[0m16:32:45.293461 [debug] [MainThread]: Acquiring new databricks connection 'debug'
[0m16:32:45.293461 [debug] [MainThread]: Databricks adapter: DatabricksDBTConnection(id=1718242934736, session-id=None, name=debug, idle-time=0.0s, acquire-count=1, language=None, thread-identifier=(21688, 11004), compute-name=) - Acquired connection on thread (21688, 11004), using default compute resource
[0m16:32:45.294490 [debug] [MainThread]: Databricks adapter: DatabricksDBTConnection(id=1718242934736, session-id=None, name=debug, idle-time=0.0010290145874023438s, acquire-count=1, language=None, thread-identifier=(21688, 11004), compute-name=) - Checking idleness
[0m16:32:45.294490 [debug] [MainThread]: Databricks adapter: DatabricksDBTConnection(id=1718242934736, session-id=None, name=debug, idle-time=0.0010290145874023438s, acquire-count=1, language=None, thread-identifier=(21688, 11004), compute-name=) - Retrieving connection
[0m16:32:45.294490 [debug] [MainThread]: Using databricks connection "debug"
[0m16:32:45.295490 [debug] [MainThread]: On debug: select 1 as id
[0m16:32:45.295490 [debug] [MainThread]: Opening a new connection, currently in state init
[0m16:33:51.371895 [debug] [MainThread]: Databricks adapter: DatabricksDBTConnection(id=1718242934736, session-id=None, name=debug, idle-time=0.0s, acquire-count=0, language=None, thread-identifier=(21688, 11004), compute-name=) - Released connection
[0m16:33:51.371895 [error] [MainThread]: Encountered an error:

[0m16:33:51.378894 [error] [MainThread]: Traceback (most recent call last):
  File "C:\Users\Lenovo\Desktop\healthcare_dbt\myenv\lib\site-packages\dbt\cli\requires.py", line 153, in wrapper
    result, success = func(*args, **kwargs)
  File "C:\Users\Lenovo\Desktop\healthcare_dbt\myenv\lib\site-packages\dbt\cli\requires.py", line 103, in wrapper
    return func(*args, **kwargs)
  File "C:\Users\Lenovo\Desktop\healthcare_dbt\myenv\lib\site-packages\dbt\cli\main.py", line 414, in debug
    results = task.run()
  File "C:\Users\Lenovo\Desktop\healthcare_dbt\myenv\lib\site-packages\dbt\task\debug.py", line 144, in run
    connection_status = self.test_connection()
  File "C:\Users\Lenovo\Desktop\healthcare_dbt\myenv\lib\site-packages\dbt\task\debug.py", line 465, in test_connection
    connection_result = self.attempt_connection(self.profile)
  File "C:\Users\Lenovo\Desktop\healthcare_dbt\myenv\lib\site-packages\dbt\task\debug.py", line 443, in attempt_connection
    adapter.debug_query()
  File "C:\Users\Lenovo\Desktop\healthcare_dbt\myenv\lib\site-packages\dbt\adapters\spark\impl.py", line 517, in debug_query
    self.execute("select 1 as id")
  File "C:\Users\Lenovo\Desktop\healthcare_dbt\myenv\lib\site-packages\dbt\adapters\databricks\impl.py", line 293, in execute
    return super().execute(sql=sql, auto_begin=auto_begin, fetch=fetch, limit=limit)
  File "C:\Users\Lenovo\Desktop\healthcare_dbt\myenv\lib\site-packages\dbt\adapters\base\impl.py", line 398, in execute
    return self.connections.execute(sql=sql, auto_begin=auto_begin, fetch=fetch, limit=limit)
  File "C:\Users\Lenovo\Desktop\healthcare_dbt\myenv\lib\site-packages\dbt\adapters\databricks\connections.py", line 532, in execute
    _, cursor = self.add_query(sql, auto_begin)
  File "C:\Users\Lenovo\Desktop\healthcare_dbt\myenv\lib\site-packages\dbt\adapters\databricks\connections.py", line 503, in add_query
    cursor = cast(DatabricksSQLConnectionWrapper, connection.handle).cursor()
  File "C:\Users\Lenovo\Desktop\healthcare_dbt\myenv\lib\site-packages\dbt\adapters\contracts\connection.py", line 96, in handle
    self._handle.resolve(self)
  File "C:\Users\Lenovo\Desktop\healthcare_dbt\myenv\lib\site-packages\dbt\adapters\contracts\connection.py", line 120, in resolve
    return self.opener(connection)
  File "C:\Users\Lenovo\Desktop\healthcare_dbt\myenv\lib\site-packages\dbt\adapters\databricks\connections.py", line 981, in open
    return cls.retry_connection(
  File "C:\Users\Lenovo\Desktop\healthcare_dbt\myenv\lib\site-packages\dbt\adapters\base\connections.py", line 237, in retry_connection
    connection.handle = connect()
  File "C:\Users\Lenovo\Desktop\healthcare_dbt\myenv\lib\site-packages\dbt\adapters\databricks\connections.py", line 945, in connect
    conn = dbsql.connect(
  File "C:\Users\Lenovo\Desktop\healthcare_dbt\myenv\lib\site-packages\databricks\sql\__init__.py", line 90, in connect
    return Connection(server_hostname, http_path, access_token, **kwargs)
  File "C:\Users\Lenovo\Desktop\healthcare_dbt\myenv\lib\site-packages\databricks\sql\client.py", line 253, in __init__
    self._open_session_resp = self.thrift_backend.open_session(
  File "C:\Users\Lenovo\Desktop\healthcare_dbt\myenv\lib\site-packages\databricks\sql\thrift_backend.py", line 552, in open_session
    response = self.make_request(self._client.OpenSession, open_session_req)
  File "C:\Users\Lenovo\Desktop\healthcare_dbt\myenv\lib\site-packages\databricks\sql\thrift_backend.py", line 469, in make_request
    response_or_error_info = attempt_request(attempt)
  File "C:\Users\Lenovo\Desktop\healthcare_dbt\myenv\lib\site-packages\databricks\sql\thrift_backend.py", line 379, in attempt_request
    response = method(request)
  File "C:\Users\Lenovo\Desktop\healthcare_dbt\myenv\lib\site-packages\databricks\sql\thrift_api\TCLIService\TCLIService.py", line 204, in OpenSession
    self.send_OpenSession(req)
  File "C:\Users\Lenovo\Desktop\healthcare_dbt\myenv\lib\site-packages\databricks\sql\thrift_api\TCLIService\TCLIService.py", line 213, in send_OpenSession
    self._oprot.trans.flush()
  File "C:\Users\Lenovo\Desktop\healthcare_dbt\myenv\lib\site-packages\databricks\sql\auth\thrift_http_client.py", line 186, in flush
    self.__resp = self.__pool.request(
  File "C:\Users\Lenovo\Desktop\healthcare_dbt\myenv\lib\site-packages\urllib3\_request_methods.py", line 143, in request
    return self.request_encode_body(
  File "C:\Users\Lenovo\Desktop\healthcare_dbt\myenv\lib\site-packages\urllib3\_request_methods.py", line 278, in request_encode_body
    return self.urlopen(method, url, **extra_kw)
  File "C:\Users\Lenovo\Desktop\healthcare_dbt\myenv\lib\site-packages\urllib3\connectionpool.py", line 944, in urlopen
    return self.urlopen(
  File "C:\Users\Lenovo\Desktop\healthcare_dbt\myenv\lib\site-packages\urllib3\connectionpool.py", line 944, in urlopen
    return self.urlopen(
  File "C:\Users\Lenovo\Desktop\healthcare_dbt\myenv\lib\site-packages\urllib3\connectionpool.py", line 944, in urlopen
    return self.urlopen(
  [Previous line repeated 3 more times]
  File "C:\Users\Lenovo\Desktop\healthcare_dbt\myenv\lib\site-packages\urllib3\connectionpool.py", line 942, in urlopen
    retries.sleep(response)
  File "C:\Users\Lenovo\Desktop\healthcare_dbt\myenv\lib\site-packages\urllib3\util\retry.py", line 363, in sleep
    self._sleep_backoff()
  File "C:\Users\Lenovo\Desktop\healthcare_dbt\myenv\lib\site-packages\urllib3\util\retry.py", line 347, in _sleep_backoff
    time.sleep(backoff)
KeyboardInterrupt

[0m16:33:51.380896 [debug] [MainThread]: Command `dbt debug` failed at 16:33:51.380896 after 68.16 seconds
[0m16:33:51.380896 [debug] [MainThread]: Connection 'debug' was properly closed.
[0m16:33:51.381914 [debug] [MainThread]: Sending event: {'category': 'dbt', 'action': 'invocation', 'label': 'end', 'context': [<snowplow_tracker.self_describing_json.SelfDescribingJson object at 0x000001907BC95930>, <snowplow_tracker.self_describing_json.SelfDescribingJson object at 0x000001900F426FE0>, <snowplow_tracker.self_describing_json.SelfDescribingJson object at 0x000001900F424A60>]}
[0m16:33:51.381914 [debug] [MainThread]: Flushing usage events
[0m16:33:51.967860 [debug] [MainThread]: An error was encountered while trying to flush usage events
[0m16:33:57.631580 [debug] [MainThread]: Sending event: {'category': 'dbt', 'action': 'invocation', 'label': 'start', 'context': [<snowplow_tracker.self_describing_json.SelfDescribingJson object at 0x0000025A4B255930>, <snowplow_tracker.self_describing_json.SelfDescribingJson object at 0x0000025A4CF99060>, <snowplow_tracker.self_describing_json.SelfDescribingJson object at 0x0000025A4CF98CD0>]}


============================== 16:33:57.636688 | cdc7159f-1209-4096-98e5-d5b5f7ccdc9a ==============================
[0m16:33:57.636688 [info ] [MainThread]: Running with dbt=1.9.0
[0m16:33:57.637694 [debug] [MainThread]: running dbt with arguments {'printer_width': '80', 'indirect_selection': 'eager', 'log_cache_events': 'False', 'write_json': 'True', 'partial_parse': 'True', 'cache_selected_only': 'False', 'warn_error': 'None', 'fail_fast': 'False', 'version_check': 'True', 'log_path': 'logs', 'debug': 'False', 'profiles_dir': 'C:\\Users\\Lenovo\\.dbt', 'use_colors': 'True', 'use_experimental_parser': 'False', 'no_print': 'None', 'quiet': 'False', 'empty': 'None', 'warn_error_options': 'WarnErrorOptions(include=[], exclude=[])', 'invocation_command': 'dbt debug --profile healthcare_project', 'static_parser': 'True', 'introspect': 'True', 'target_path': 'None', 'log_format': 'default', 'send_anonymous_usage_stats': 'True'}
[0m16:33:57.665801 [info ] [MainThread]: dbt version: 1.9.0
[0m16:33:57.666809 [info ] [MainThread]: python version: 3.10.0
[0m16:33:57.666809 [info ] [MainThread]: python path: C:\Users\Lenovo\Desktop\healthcare_dbt\myenv\Scripts\python.exe
[0m16:33:57.667801 [info ] [MainThread]: os info: Windows-10-10.0.22631-SP0
[0m16:33:58.391529 [debug] [MainThread]: Spark adapter: Setting pyhive.hive logging to ERROR
[0m16:33:58.392559 [debug] [MainThread]: Spark adapter: Setting thrift.transport logging to ERROR
[0m16:33:58.392559 [debug] [MainThread]: Spark adapter: Setting thrift.protocol logging to ERROR
[0m16:33:59.142781 [info ] [MainThread]: Using profiles dir at C:\Users\Lenovo\.dbt
[0m16:33:59.143844 [info ] [MainThread]: Using profiles.yml file at C:\Users\Lenovo\.dbt\profiles.yml
[0m16:33:59.144948 [info ] [MainThread]: Using dbt_project.yml file at C:\Users\Lenovo\Desktop\healthcare_dbt\dbt_project.yml
[0m16:33:59.145494 [info ] [MainThread]: adapter type: databricks
[0m16:33:59.146547 [info ] [MainThread]: adapter version: 1.9.0
[0m16:33:59.147556 [info ] [MainThread]: Configuration:
[0m16:33:59.148565 [info ] [MainThread]:   profiles.yml file [[32mOK found and valid[0m]
[0m16:33:59.149645 [info ] [MainThread]:   dbt_project.yml file [[31mERROR not found[0m]
[0m16:33:59.150358 [info ] [MainThread]: Required dependencies:
[0m16:33:59.150358 [debug] [MainThread]: Executing "git --help"
[0m16:33:59.187732 [debug] [MainThread]: STDOUT: "b"usage: git [-v | --version] [-h | --help] [-C <path>] [-c <name>=<value>]\n           [--exec-path[=<path>]] [--html-path] [--man-path] [--info-path]\n           [-p | --paginate | -P | --no-pager] [--no-replace-objects] [--bare]\n           [--git-dir=<path>] [--work-tree=<path>] [--namespace=<name>]\n           [--config-env=<name>=<envvar>] <command> [<args>]\n\nThese are common Git commands used in various situations:\n\nstart a working area (see also: git help tutorial)\n   clone     Clone a repository into a new directory\n   init      Create an empty Git repository or reinitialize an existing one\n\nwork on the current change (see also: git help everyday)\n   add       Add file contents to the index\n   mv        Move or rename a file, a directory, or a symlink\n   restore   Restore working tree files\n   rm        Remove files from the working tree and from the index\n\nexamine the history and state (see also: git help revisions)\n   bisect    Use binary search to find the commit that introduced a bug\n   diff      Show changes between commits, commit and working tree, etc\n   grep      Print lines matching a pattern\n   log       Show commit logs\n   show      Show various types of objects\n   status    Show the working tree status\n\ngrow, mark and tweak your common history\n   branch    List, create, or delete branches\n   commit    Record changes to the repository\n   merge     Join two or more development histories together\n   rebase    Reapply commits on top of another base tip\n   reset     Reset current HEAD to the specified state\n   switch    Switch branches\n   tag       Create, list, delete or verify a tag object signed with GPG\n\ncollaborate (see also: git help workflows)\n   fetch     Download objects and refs from another repository\n   pull      Fetch from and integrate with another repository or a local branch\n   push      Update remote refs along with associated objects\n\n'git help -a' and 'git help -g' list available subcommands and some\nconcept guides. See 'git help <command>' or 'git help <concept>'\nto read about a specific subcommand or concept.\nSee 'git help git' for an overview of the system.\n""
[0m16:33:59.188768 [debug] [MainThread]: STDERR: "b''"
[0m16:33:59.188768 [info ] [MainThread]:  - git [[32mOK found[0m]

[0m16:33:59.189730 [info ] [MainThread]: Connection:
[0m16:33:59.190441 [info ] [MainThread]:   host: https://adb-3307766105634520.0.azuredatabricks.net/browse?o=3307766105634520
[0m16:33:59.190993 [info ] [MainThread]:   http_path: sql/protocolv1/o/3307766105634520/1211-134742-i5zevf4l
[0m16:33:59.191695 [info ] [MainThread]:   catalog: hive_metastore
[0m16:33:59.191695 [info ] [MainThread]:   schema: default
[0m16:33:59.192702 [info ] [MainThread]: Registered adapter: databricks=1.9.0
[0m16:33:59.599076 [debug] [MainThread]: Databricks adapter: DatabricksDBTConnection(id=2587157495280, session-id=None, name=debug, idle-time=0s, acquire-count=0, language=None, thread-identifier=(21404, 8608), compute-name=) - Creating connection
[0m16:33:59.599076 [debug] [MainThread]: Acquiring new databricks connection 'debug'
[0m16:33:59.599076 [debug] [MainThread]: Databricks adapter: DatabricksDBTConnection(id=2587157495280, session-id=None, name=debug, idle-time=0.0s, acquire-count=1, language=None, thread-identifier=(21404, 8608), compute-name=) - Acquired connection on thread (21404, 8608), using default compute resource
[0m16:33:59.600077 [debug] [MainThread]: Databricks adapter: DatabricksDBTConnection(id=2587157495280, session-id=None, name=debug, idle-time=0.0010006427764892578s, acquire-count=1, language=None, thread-identifier=(21404, 8608), compute-name=) - Checking idleness
[0m16:33:59.600077 [debug] [MainThread]: Databricks adapter: DatabricksDBTConnection(id=2587157495280, session-id=None, name=debug, idle-time=0.0010006427764892578s, acquire-count=1, language=None, thread-identifier=(21404, 8608), compute-name=) - Retrieving connection
[0m16:33:59.600077 [debug] [MainThread]: Using databricks connection "debug"
[0m16:33:59.601077 [debug] [MainThread]: On debug: select 1 as id
[0m16:33:59.601077 [debug] [MainThread]: Opening a new connection, currently in state init
[0m16:34:24.988477 [debug] [MainThread]: Databricks adapter: DatabricksDBTConnection(id=2587157495280, session-id=None, name=debug, idle-time=0.0s, acquire-count=0, language=None, thread-identifier=(21404, 8608), compute-name=) - Released connection
[0m16:34:24.989534 [error] [MainThread]: Encountered an error:

[0m16:34:24.998060 [error] [MainThread]: Traceback (most recent call last):
  File "C:\Users\Lenovo\Desktop\healthcare_dbt\myenv\lib\site-packages\dbt\cli\requires.py", line 153, in wrapper
    result, success = func(*args, **kwargs)
  File "C:\Users\Lenovo\Desktop\healthcare_dbt\myenv\lib\site-packages\dbt\cli\requires.py", line 103, in wrapper
    return func(*args, **kwargs)
  File "C:\Users\Lenovo\Desktop\healthcare_dbt\myenv\lib\site-packages\dbt\cli\main.py", line 414, in debug
    results = task.run()
  File "C:\Users\Lenovo\Desktop\healthcare_dbt\myenv\lib\site-packages\dbt\task\debug.py", line 144, in run
    connection_status = self.test_connection()
  File "C:\Users\Lenovo\Desktop\healthcare_dbt\myenv\lib\site-packages\dbt\task\debug.py", line 465, in test_connection
    connection_result = self.attempt_connection(self.profile)
  File "C:\Users\Lenovo\Desktop\healthcare_dbt\myenv\lib\site-packages\dbt\task\debug.py", line 443, in attempt_connection
    adapter.debug_query()
  File "C:\Users\Lenovo\Desktop\healthcare_dbt\myenv\lib\site-packages\dbt\adapters\spark\impl.py", line 517, in debug_query
    self.execute("select 1 as id")
  File "C:\Users\Lenovo\Desktop\healthcare_dbt\myenv\lib\site-packages\dbt\adapters\databricks\impl.py", line 293, in execute
    return super().execute(sql=sql, auto_begin=auto_begin, fetch=fetch, limit=limit)
  File "C:\Users\Lenovo\Desktop\healthcare_dbt\myenv\lib\site-packages\dbt\adapters\base\impl.py", line 398, in execute
    return self.connections.execute(sql=sql, auto_begin=auto_begin, fetch=fetch, limit=limit)
  File "C:\Users\Lenovo\Desktop\healthcare_dbt\myenv\lib\site-packages\dbt\adapters\databricks\connections.py", line 532, in execute
    _, cursor = self.add_query(sql, auto_begin)
  File "C:\Users\Lenovo\Desktop\healthcare_dbt\myenv\lib\site-packages\dbt\adapters\databricks\connections.py", line 503, in add_query
    cursor = cast(DatabricksSQLConnectionWrapper, connection.handle).cursor()
  File "C:\Users\Lenovo\Desktop\healthcare_dbt\myenv\lib\site-packages\dbt\adapters\contracts\connection.py", line 96, in handle
    self._handle.resolve(self)
  File "C:\Users\Lenovo\Desktop\healthcare_dbt\myenv\lib\site-packages\dbt\adapters\contracts\connection.py", line 120, in resolve
    return self.opener(connection)
  File "C:\Users\Lenovo\Desktop\healthcare_dbt\myenv\lib\site-packages\dbt\adapters\databricks\connections.py", line 981, in open
    return cls.retry_connection(
  File "C:\Users\Lenovo\Desktop\healthcare_dbt\myenv\lib\site-packages\dbt\adapters\base\connections.py", line 237, in retry_connection
    connection.handle = connect()
  File "C:\Users\Lenovo\Desktop\healthcare_dbt\myenv\lib\site-packages\dbt\adapters\databricks\connections.py", line 945, in connect
    conn = dbsql.connect(
  File "C:\Users\Lenovo\Desktop\healthcare_dbt\myenv\lib\site-packages\databricks\sql\__init__.py", line 90, in connect
    return Connection(server_hostname, http_path, access_token, **kwargs)
  File "C:\Users\Lenovo\Desktop\healthcare_dbt\myenv\lib\site-packages\databricks\sql\client.py", line 253, in __init__
    self._open_session_resp = self.thrift_backend.open_session(
  File "C:\Users\Lenovo\Desktop\healthcare_dbt\myenv\lib\site-packages\databricks\sql\thrift_backend.py", line 552, in open_session
    response = self.make_request(self._client.OpenSession, open_session_req)
  File "C:\Users\Lenovo\Desktop\healthcare_dbt\myenv\lib\site-packages\databricks\sql\thrift_backend.py", line 469, in make_request
    response_or_error_info = attempt_request(attempt)
  File "C:\Users\Lenovo\Desktop\healthcare_dbt\myenv\lib\site-packages\databricks\sql\thrift_backend.py", line 379, in attempt_request
    response = method(request)
  File "C:\Users\Lenovo\Desktop\healthcare_dbt\myenv\lib\site-packages\databricks\sql\thrift_api\TCLIService\TCLIService.py", line 204, in OpenSession
    self.send_OpenSession(req)
  File "C:\Users\Lenovo\Desktop\healthcare_dbt\myenv\lib\site-packages\databricks\sql\thrift_api\TCLIService\TCLIService.py", line 213, in send_OpenSession
    self._oprot.trans.flush()
  File "C:\Users\Lenovo\Desktop\healthcare_dbt\myenv\lib\site-packages\databricks\sql\auth\thrift_http_client.py", line 186, in flush
    self.__resp = self.__pool.request(
  File "C:\Users\Lenovo\Desktop\healthcare_dbt\myenv\lib\site-packages\urllib3\_request_methods.py", line 143, in request
    return self.request_encode_body(
  File "C:\Users\Lenovo\Desktop\healthcare_dbt\myenv\lib\site-packages\urllib3\_request_methods.py", line 278, in request_encode_body
    return self.urlopen(method, url, **extra_kw)
  File "C:\Users\Lenovo\Desktop\healthcare_dbt\myenv\lib\site-packages\urllib3\connectionpool.py", line 944, in urlopen
    return self.urlopen(
  File "C:\Users\Lenovo\Desktop\healthcare_dbt\myenv\lib\site-packages\urllib3\connectionpool.py", line 944, in urlopen
    return self.urlopen(
  File "C:\Users\Lenovo\Desktop\healthcare_dbt\myenv\lib\site-packages\urllib3\connectionpool.py", line 944, in urlopen
    return self.urlopen(
  [Previous line repeated 1 more time]
  File "C:\Users\Lenovo\Desktop\healthcare_dbt\myenv\lib\site-packages\urllib3\connectionpool.py", line 942, in urlopen
    retries.sleep(response)
  File "C:\Users\Lenovo\Desktop\healthcare_dbt\myenv\lib\site-packages\urllib3\util\retry.py", line 363, in sleep
    self._sleep_backoff()
  File "C:\Users\Lenovo\Desktop\healthcare_dbt\myenv\lib\site-packages\urllib3\util\retry.py", line 347, in _sleep_backoff
    time.sleep(backoff)
KeyboardInterrupt

[0m16:34:25.000985 [debug] [MainThread]: Command `dbt debug` failed at 16:34:25.000985 after 27.46 seconds
[0m16:34:25.001602 [debug] [MainThread]: Connection 'debug' was properly closed.
[0m16:34:25.002167 [debug] [MainThread]: Sending event: {'category': 'dbt', 'action': 'invocation', 'label': 'end', 'context': [<snowplow_tracker.self_describing_json.SelfDescribingJson object at 0x0000025A4B255930>, <snowplow_tracker.self_describing_json.SelfDescribingJson object at 0x0000025A5E9A5180>, <snowplow_tracker.self_describing_json.SelfDescribingJson object at 0x0000025A5E9A42B0>]}
[0m16:34:25.002672 [debug] [MainThread]: Flushing usage events
[0m16:34:25.562902 [debug] [MainThread]: An error was encountered while trying to flush usage events
[0m16:34:38.899724 [debug] [MainThread]: Sending event: {'category': 'dbt', 'action': 'invocation', 'label': 'start', 'context': [<snowplow_tracker.self_describing_json.SelfDescribingJson object at 0x00000237CD055900>, <snowplow_tracker.self_describing_json.SelfDescribingJson object at 0x00000237CEF0AF50>, <snowplow_tracker.self_describing_json.SelfDescribingJson object at 0x00000237CEF0AD70>]}


============================== 16:34:38.904725 | 2763ddc0-281b-475b-821d-66f1a1cc4d46 ==============================
[0m16:34:38.904725 [info ] [MainThread]: Running with dbt=1.9.0
[0m16:34:38.905737 [debug] [MainThread]: running dbt with arguments {'printer_width': '80', 'indirect_selection': 'eager', 'write_json': 'True', 'log_cache_events': 'False', 'partial_parse': 'True', 'cache_selected_only': 'False', 'profiles_dir': 'C:\\Users\\Lenovo\\.dbt', 'debug': 'False', 'warn_error': 'None', 'log_path': 'logs', 'fail_fast': 'False', 'version_check': 'True', 'use_colors': 'True', 'use_experimental_parser': 'False', 'empty': 'None', 'quiet': 'False', 'no_print': 'None', 'warn_error_options': 'WarnErrorOptions(include=[], exclude=[])', 'static_parser': 'True', 'introspect': 'True', 'invocation_command': 'dbt debug --profile healthcare_project', 'target_path': 'None', 'log_format': 'default', 'send_anonymous_usage_stats': 'True'}
[0m16:34:38.932719 [info ] [MainThread]: dbt version: 1.9.0
[0m16:34:38.933719 [info ] [MainThread]: python version: 3.10.0
[0m16:34:38.933719 [info ] [MainThread]: python path: C:\Users\Lenovo\Desktop\healthcare_dbt\myenv\Scripts\python.exe
[0m16:34:38.934718 [info ] [MainThread]: os info: Windows-10-10.0.22631-SP0
[0m16:34:39.691654 [debug] [MainThread]: Spark adapter: Setting pyhive.hive logging to ERROR
[0m16:34:39.692681 [debug] [MainThread]: Spark adapter: Setting thrift.transport logging to ERROR
[0m16:34:39.692681 [debug] [MainThread]: Spark adapter: Setting thrift.protocol logging to ERROR
[0m16:34:40.423591 [info ] [MainThread]: Using profiles dir at C:\Users\Lenovo\.dbt
[0m16:34:40.423591 [info ] [MainThread]: Using profiles.yml file at C:\Users\Lenovo\.dbt\profiles.yml
[0m16:34:40.424591 [info ] [MainThread]: Using dbt_project.yml file at C:\Users\Lenovo\Desktop\healthcare_dbt\dbt_project.yml
[0m16:34:40.425629 [info ] [MainThread]: adapter type: databricks
[0m16:34:40.426611 [info ] [MainThread]: adapter version: 1.9.0
[0m16:34:40.427595 [info ] [MainThread]: Configuration:
[0m16:34:40.428609 [info ] [MainThread]:   profiles.yml file [[32mOK found and valid[0m]
[0m16:34:40.428609 [info ] [MainThread]:   dbt_project.yml file [[31mERROR not found[0m]
[0m16:34:40.429595 [info ] [MainThread]: Required dependencies:
[0m16:34:40.430986 [debug] [MainThread]: Executing "git --help"
[0m16:34:40.468825 [debug] [MainThread]: STDOUT: "b"usage: git [-v | --version] [-h | --help] [-C <path>] [-c <name>=<value>]\n           [--exec-path[=<path>]] [--html-path] [--man-path] [--info-path]\n           [-p | --paginate | -P | --no-pager] [--no-replace-objects] [--bare]\n           [--git-dir=<path>] [--work-tree=<path>] [--namespace=<name>]\n           [--config-env=<name>=<envvar>] <command> [<args>]\n\nThese are common Git commands used in various situations:\n\nstart a working area (see also: git help tutorial)\n   clone     Clone a repository into a new directory\n   init      Create an empty Git repository or reinitialize an existing one\n\nwork on the current change (see also: git help everyday)\n   add       Add file contents to the index\n   mv        Move or rename a file, a directory, or a symlink\n   restore   Restore working tree files\n   rm        Remove files from the working tree and from the index\n\nexamine the history and state (see also: git help revisions)\n   bisect    Use binary search to find the commit that introduced a bug\n   diff      Show changes between commits, commit and working tree, etc\n   grep      Print lines matching a pattern\n   log       Show commit logs\n   show      Show various types of objects\n   status    Show the working tree status\n\ngrow, mark and tweak your common history\n   branch    List, create, or delete branches\n   commit    Record changes to the repository\n   merge     Join two or more development histories together\n   rebase    Reapply commits on top of another base tip\n   reset     Reset current HEAD to the specified state\n   switch    Switch branches\n   tag       Create, list, delete or verify a tag object signed with GPG\n\ncollaborate (see also: git help workflows)\n   fetch     Download objects and refs from another repository\n   pull      Fetch from and integrate with another repository or a local branch\n   push      Update remote refs along with associated objects\n\n'git help -a' and 'git help -g' list available subcommands and some\nconcept guides. See 'git help <command>' or 'git help <concept>'\nto read about a specific subcommand or concept.\nSee 'git help git' for an overview of the system.\n""
[0m16:34:40.468825 [debug] [MainThread]: STDERR: "b''"
[0m16:34:40.469852 [info ] [MainThread]:  - git [[32mOK found[0m]

[0m16:34:40.470163 [info ] [MainThread]: Connection:
[0m16:34:40.471191 [info ] [MainThread]:   host: https://adb-3307766105634520.0.azuredatabricks.net/browse?o=3307766105634520
[0m16:34:40.471191 [info ] [MainThread]:   http_path: sql/protocolv1/o/3307766105634520/1211-134742-i5zevf4l
[0m16:34:40.473197 [info ] [MainThread]:   catalog: hive_metastore
[0m16:34:40.474199 [info ] [MainThread]:   schema: default
[0m16:34:40.475203 [info ] [MainThread]: Registered adapter: databricks=1.9.0
[0m16:34:40.890798 [debug] [MainThread]: Databricks adapter: DatabricksDBTConnection(id=2439012646672, session-id=None, name=debug, idle-time=0s, acquire-count=0, language=None, thread-identifier=(6576, 1644), compute-name=) - Creating connection
[0m16:34:40.890798 [debug] [MainThread]: Acquiring new databricks connection 'debug'
[0m16:34:40.891797 [debug] [MainThread]: Databricks adapter: DatabricksDBTConnection(id=2439012646672, session-id=None, name=debug, idle-time=0.0s, acquire-count=1, language=None, thread-identifier=(6576, 1644), compute-name=) - Acquired connection on thread (6576, 1644), using default compute resource
[0m16:34:40.891797 [debug] [MainThread]: Databricks adapter: DatabricksDBTConnection(id=2439012646672, session-id=None, name=debug, idle-time=0.0009999275207519531s, acquire-count=1, language=None, thread-identifier=(6576, 1644), compute-name=) - Checking idleness
[0m16:34:40.891797 [debug] [MainThread]: Databricks adapter: DatabricksDBTConnection(id=2439012646672, session-id=None, name=debug, idle-time=0.0009999275207519531s, acquire-count=1, language=None, thread-identifier=(6576, 1644), compute-name=) - Retrieving connection
[0m16:34:40.892798 [debug] [MainThread]: Using databricks connection "debug"
[0m16:34:40.892798 [debug] [MainThread]: On debug: select 1 as id
[0m16:34:40.892798 [debug] [MainThread]: Opening a new connection, currently in state init
[0m16:35:01.234891 [debug] [MainThread]: Databricks adapter: DatabricksDBTConnection(id=2439012646672, session-id=None, name=debug, idle-time=0.0s, acquire-count=0, language=None, thread-identifier=(6576, 1644), compute-name=) - Released connection
[0m16:35:01.235895 [error] [MainThread]: Encountered an error:

[0m16:35:01.241893 [error] [MainThread]: Traceback (most recent call last):
  File "C:\Users\Lenovo\Desktop\healthcare_dbt\myenv\lib\site-packages\dbt\cli\requires.py", line 153, in wrapper
    result, success = func(*args, **kwargs)
  File "C:\Users\Lenovo\Desktop\healthcare_dbt\myenv\lib\site-packages\dbt\cli\requires.py", line 103, in wrapper
    return func(*args, **kwargs)
  File "C:\Users\Lenovo\Desktop\healthcare_dbt\myenv\lib\site-packages\dbt\cli\main.py", line 414, in debug
    results = task.run()
  File "C:\Users\Lenovo\Desktop\healthcare_dbt\myenv\lib\site-packages\dbt\task\debug.py", line 144, in run
    connection_status = self.test_connection()
  File "C:\Users\Lenovo\Desktop\healthcare_dbt\myenv\lib\site-packages\dbt\task\debug.py", line 465, in test_connection
    connection_result = self.attempt_connection(self.profile)
  File "C:\Users\Lenovo\Desktop\healthcare_dbt\myenv\lib\site-packages\dbt\task\debug.py", line 443, in attempt_connection
    adapter.debug_query()
  File "C:\Users\Lenovo\Desktop\healthcare_dbt\myenv\lib\site-packages\dbt\adapters\spark\impl.py", line 517, in debug_query
    self.execute("select 1 as id")
  File "C:\Users\Lenovo\Desktop\healthcare_dbt\myenv\lib\site-packages\dbt\adapters\databricks\impl.py", line 293, in execute
    return super().execute(sql=sql, auto_begin=auto_begin, fetch=fetch, limit=limit)
  File "C:\Users\Lenovo\Desktop\healthcare_dbt\myenv\lib\site-packages\dbt\adapters\base\impl.py", line 398, in execute
    return self.connections.execute(sql=sql, auto_begin=auto_begin, fetch=fetch, limit=limit)
  File "C:\Users\Lenovo\Desktop\healthcare_dbt\myenv\lib\site-packages\dbt\adapters\databricks\connections.py", line 532, in execute
    _, cursor = self.add_query(sql, auto_begin)
  File "C:\Users\Lenovo\Desktop\healthcare_dbt\myenv\lib\site-packages\dbt\adapters\databricks\connections.py", line 503, in add_query
    cursor = cast(DatabricksSQLConnectionWrapper, connection.handle).cursor()
  File "C:\Users\Lenovo\Desktop\healthcare_dbt\myenv\lib\site-packages\dbt\adapters\contracts\connection.py", line 96, in handle
    self._handle.resolve(self)
  File "C:\Users\Lenovo\Desktop\healthcare_dbt\myenv\lib\site-packages\dbt\adapters\contracts\connection.py", line 120, in resolve
    return self.opener(connection)
  File "C:\Users\Lenovo\Desktop\healthcare_dbt\myenv\lib\site-packages\dbt\adapters\databricks\connections.py", line 981, in open
    return cls.retry_connection(
  File "C:\Users\Lenovo\Desktop\healthcare_dbt\myenv\lib\site-packages\dbt\adapters\base\connections.py", line 237, in retry_connection
    connection.handle = connect()
  File "C:\Users\Lenovo\Desktop\healthcare_dbt\myenv\lib\site-packages\dbt\adapters\databricks\connections.py", line 945, in connect
    conn = dbsql.connect(
  File "C:\Users\Lenovo\Desktop\healthcare_dbt\myenv\lib\site-packages\databricks\sql\__init__.py", line 90, in connect
    return Connection(server_hostname, http_path, access_token, **kwargs)
  File "C:\Users\Lenovo\Desktop\healthcare_dbt\myenv\lib\site-packages\databricks\sql\client.py", line 253, in __init__
    self._open_session_resp = self.thrift_backend.open_session(
  File "C:\Users\Lenovo\Desktop\healthcare_dbt\myenv\lib\site-packages\databricks\sql\thrift_backend.py", line 552, in open_session
    response = self.make_request(self._client.OpenSession, open_session_req)
  File "C:\Users\Lenovo\Desktop\healthcare_dbt\myenv\lib\site-packages\databricks\sql\thrift_backend.py", line 469, in make_request
    response_or_error_info = attempt_request(attempt)
  File "C:\Users\Lenovo\Desktop\healthcare_dbt\myenv\lib\site-packages\databricks\sql\thrift_backend.py", line 379, in attempt_request
    response = method(request)
  File "C:\Users\Lenovo\Desktop\healthcare_dbt\myenv\lib\site-packages\databricks\sql\thrift_api\TCLIService\TCLIService.py", line 204, in OpenSession
    self.send_OpenSession(req)
  File "C:\Users\Lenovo\Desktop\healthcare_dbt\myenv\lib\site-packages\databricks\sql\thrift_api\TCLIService\TCLIService.py", line 213, in send_OpenSession
    self._oprot.trans.flush()
  File "C:\Users\Lenovo\Desktop\healthcare_dbt\myenv\lib\site-packages\databricks\sql\auth\thrift_http_client.py", line 186, in flush
    self.__resp = self.__pool.request(
  File "C:\Users\Lenovo\Desktop\healthcare_dbt\myenv\lib\site-packages\urllib3\_request_methods.py", line 143, in request
    return self.request_encode_body(
  File "C:\Users\Lenovo\Desktop\healthcare_dbt\myenv\lib\site-packages\urllib3\_request_methods.py", line 278, in request_encode_body
    return self.urlopen(method, url, **extra_kw)
  File "C:\Users\Lenovo\Desktop\healthcare_dbt\myenv\lib\site-packages\urllib3\connectionpool.py", line 944, in urlopen
    return self.urlopen(
  File "C:\Users\Lenovo\Desktop\healthcare_dbt\myenv\lib\site-packages\urllib3\connectionpool.py", line 944, in urlopen
    return self.urlopen(
  File "C:\Users\Lenovo\Desktop\healthcare_dbt\myenv\lib\site-packages\urllib3\connectionpool.py", line 944, in urlopen
    return self.urlopen(
  [Previous line repeated 1 more time]
  File "C:\Users\Lenovo\Desktop\healthcare_dbt\myenv\lib\site-packages\urllib3\connectionpool.py", line 942, in urlopen
    retries.sleep(response)
  File "C:\Users\Lenovo\Desktop\healthcare_dbt\myenv\lib\site-packages\urllib3\util\retry.py", line 363, in sleep
    self._sleep_backoff()
  File "C:\Users\Lenovo\Desktop\healthcare_dbt\myenv\lib\site-packages\urllib3\util\retry.py", line 347, in _sleep_backoff
    time.sleep(backoff)
KeyboardInterrupt

[0m16:35:01.244892 [debug] [MainThread]: Command `dbt debug` failed at 16:35:01.244892 after 22.43 seconds
[0m16:35:01.244892 [debug] [MainThread]: Connection 'debug' was properly closed.
[0m16:35:01.245891 [debug] [MainThread]: Sending event: {'category': 'dbt', 'action': 'invocation', 'label': 'end', 'context': [<snowplow_tracker.self_describing_json.SelfDescribingJson object at 0x00000237CD055900>, <snowplow_tracker.self_describing_json.SelfDescribingJson object at 0x00000237E07B6710>, <snowplow_tracker.self_describing_json.SelfDescribingJson object at 0x00000237E07B4880>]}
[0m16:35:01.245891 [debug] [MainThread]: Flushing usage events
[0m16:35:01.818733 [debug] [MainThread]: An error was encountered while trying to flush usage events
[0m16:35:23.764621 [debug] [MainThread]: Sending event: {'category': 'dbt', 'action': 'invocation', 'label': 'start', 'context': [<snowplow_tracker.self_describing_json.SelfDescribingJson object at 0x000001E1EA615960>, <snowplow_tracker.self_describing_json.SelfDescribingJson object at 0x000001E1EC358C40>, <snowplow_tracker.self_describing_json.SelfDescribingJson object at 0x000001E1EC35B370>]}


============================== 16:35:23.770587 | 8d9f24e8-aa22-48a9-a671-955cdceb0102 ==============================
[0m16:35:23.770587 [info ] [MainThread]: Running with dbt=1.9.0
[0m16:35:23.771587 [debug] [MainThread]: running dbt with arguments {'printer_width': '80', 'indirect_selection': 'eager', 'log_cache_events': 'False', 'write_json': 'True', 'partial_parse': 'True', 'cache_selected_only': 'False', 'profiles_dir': 'C:\\Users\\Lenovo\\.dbt', 'fail_fast': 'False', 'version_check': 'True', 'log_path': 'logs', 'warn_error': 'None', 'debug': 'False', 'use_colors': 'True', 'use_experimental_parser': 'False', 'no_print': 'None', 'quiet': 'False', 'empty': 'None', 'log_format': 'default', 'static_parser': 'True', 'introspect': 'True', 'invocation_command': 'dbt debug', 'target_path': 'None', 'warn_error_options': 'WarnErrorOptions(include=[], exclude=[])', 'send_anonymous_usage_stats': 'True'}
[0m16:35:23.799235 [info ] [MainThread]: dbt version: 1.9.0
[0m16:35:23.800238 [info ] [MainThread]: python version: 3.10.0
[0m16:35:23.800238 [info ] [MainThread]: python path: C:\Users\Lenovo\Desktop\healthcare_dbt\myenv\Scripts\python.exe
[0m16:35:23.801237 [info ] [MainThread]: os info: Windows-10-10.0.22631-SP0
[0m16:35:24.657307 [debug] [MainThread]: Spark adapter: Setting pyhive.hive logging to ERROR
[0m16:35:24.657307 [debug] [MainThread]: Spark adapter: Setting thrift.transport logging to ERROR
[0m16:35:24.658306 [debug] [MainThread]: Spark adapter: Setting thrift.protocol logging to ERROR
[0m16:35:25.512227 [info ] [MainThread]: Using profiles dir at C:\Users\Lenovo\.dbt
[0m16:35:25.513294 [info ] [MainThread]: Using profiles.yml file at C:\Users\Lenovo\.dbt\profiles.yml
[0m16:35:25.513832 [info ] [MainThread]: Using dbt_project.yml file at C:\Users\Lenovo\Desktop\healthcare_dbt\dbt_project.yml
[0m16:35:25.514919 [error] [MainThread]: Encountered an error:
Internal Error
  Profile should not be None if loading profile completed
[0m16:35:25.516518 [debug] [MainThread]: Command `dbt debug` failed at 16:35:25.516518 after 1.84 seconds
[0m16:35:25.517603 [debug] [MainThread]: Sending event: {'category': 'dbt', 'action': 'invocation', 'label': 'end', 'context': [<snowplow_tracker.self_describing_json.SelfDescribingJson object at 0x000001E1EA615960>, <snowplow_tracker.self_describing_json.SelfDescribingJson object at 0x000001E1EC520430>, <snowplow_tracker.self_describing_json.SelfDescribingJson object at 0x000001E1ED9AC6D0>]}
[0m16:35:25.518127 [debug] [MainThread]: Flushing usage events
[0m16:35:26.061885 [debug] [MainThread]: An error was encountered while trying to flush usage events
